<?xml version="1.0" encoding="UTF-8"?>
<!-- Generated by org.testng.reporters.JUnitXMLReporter -->
<testsuite ignored="0" hostname="LAPTOP-NOMIDK4I" failures="0" tests="11" name="All Tests Parallel" time="22.067" errors="0" timestamp="2026-02-23T20:33:16 IST">
  <testcase classname="tests.LoginTest" name="invalidPasswordTest" time="1.903"/>
  <testcase classname="tests.LogoutTest" name="logoutTest" time="3.508"/>
  <testcase classname="tests.cartTest" name="addMultipleProductsTest" time="3.778"/>
  <testcase classname="tests.CheckoutValidationTest" name="checkoutValidationTest" time="4.527"/>
  <testcase classname="tests.CompletePlacingOrderTest" name="placeOrderTest" time="5.056"/>
  <testcase classname="tests.LoginTest" name="lockedUserTest" time="1.168"/>
  <testcase classname="tests.cartTest" name="addSingleProductTest" time="1.39"/>
  <testcase classname="tests.CheckoutValidationTest" name="checkoutValidationTest" time="3.135"/>
  <testcase classname="tests.LoginTest" name="loginTest" time="0.86"/>
  <testcase classname="tests.cartTest" name="removeProductFromCartTest" time="1.806"/>
  <testcase classname="tests.CheckoutValidationTest" name="checkoutValidationTest" time="1.455"/>
</testsuite> <!-- All Tests Parallel -->
