<?xml version="1.0" encoding="UTF-8"?>
<!-- Generated by org.testng.reporters.JUnitXMLReporter -->
<testsuite ignored="0" hostname="LAPTOP-NOMIDK4I" failures="0" tests="11" name="All Tests Parallel" time="30.598" errors="0" timestamp="2026-02-21T18:03:04 IST">
  <testcase classname="tests.LogoutTest" name="logoutTest" time="1.894"/>
  <testcase classname="tests.LoginTest" name="invalidPasswordTest" time="1.31"/>
  <testcase classname="tests.cartTest" name="addMultipleProductsTest" time="2.037"/>
  <testcase classname="tests.CheckoutValidationTest" name="checkoutValidationTest" time="3.091"/>
  <testcase classname="tests.CompletePlacingOrderTest" name="placeOrderTest" time="3.904"/>
  <testcase classname="tests.LoginTest" name="lockedUserTest" time="1.097"/>
  <testcase classname="tests.cartTest" name="addSingleProductTest" time="1.218"/>
  <testcase classname="tests.CheckoutValidationTest" name="checkoutValidationTest" time="2.94"/>
  <testcase classname="tests.LoginTest" name="loginTest" time="1.094"/>
  <testcase classname="tests.cartTest" name="removeProductFromCartTest" time="1.726"/>
  <testcase classname="tests.CheckoutValidationTest" name="checkoutValidationTest" time="1.492"/>
</testsuite> <!-- All Tests Parallel -->
