<?xml version="1.0" encoding="UTF-8"?>
<!-- Generated by org.testng.reporters.JUnitXMLReporter -->
<testsuite ignored="0" hostname="LAPTOP-NOMIDK4I" failures="0" tests="3" name="Default test" time="10.871" errors="0" timestamp="2026-02-23T20:26:22 IST">
  <testcase classname="tests.cartTest" name="addMultipleProductsTest" time="0.998"/>
  <testcase classname="tests.cartTest" name="addSingleProductTest" time="0.783"/>
  <testcase classname="tests.cartTest" name="removeProductFromCartTest" time="0.905"/>
</testsuite> <!-- Default test -->
