<?xml version="1.0" encoding="UTF-8"?>
<!-- Generated by org.testng.reporters.JUnitXMLReporter -->
<testsuite ignored="0" hostname="LAPTOP-NOMIDK4I" failures="0" tests="3" name="Default test" time="11.818" errors="0" timestamp="2026-02-20T18:23:11 IST">
  <testcase classname="tests.cartTest" name="addMultipleProductsTest" time="0.976"/>
  <testcase classname="tests.cartTest" name="addSingleProductTest" time="0.792"/>
  <testcase classname="tests.cartTest" name="removeProductFromCartTest" time="0.948"/>
</testsuite> <!-- Default test -->
