<?xml version="1.0" encoding="UTF-8"?>
<!-- Generated by org.testng.reporters.JUnitXMLReporter -->
<testsuite ignored="5" hostname="LAPTOP-NOMIDK4I" failures="3" tests="6" name="Regression Tests" time="0.21" errors="0" timestamp="2026-02-19T20:01:12 IST">
  <testcase classname="tests.LoginTest" name="invalidPasswordTest" time="0.055">
    <skipped/>
  </testcase> <!-- invalidPasswordTest -->
  <testcase classname="tests.LoginTest" name="invalidPasswordTest" time="0.002">
    <failure type="java.lang.NullPointerException" message="Cannot invoke &amp;quot;org.openqa.selenium.WebDriver.findElement(org.openqa.selenium.By)&amp;quot; because &amp;quot;driver&amp;quot; is null">
      <![CDATA[java.lang.NullPointerException: Cannot invoke "org.openqa.selenium.WebDriver.findElement(org.openqa.selenium.By)" because "driver" is null
at org.openqa.selenium.support.ui.ExpectedConditions$7.apply(ExpectedConditions.java:198)
at org.openqa.selenium.support.ui.ExpectedConditions$7.apply(ExpectedConditions.java:194)
at org.openqa.selenium.support.ui.FluentWait.until(FluentWait.java:203)
at utils.WaitUtils.waitForVisibility(WaitUtils.java:20)
at pages.BasePage.type(BasePage.java:25)
at pages.LoginPage.login(LoginPage.java:19)
at tests.LoginTest.invalidPasswordTest(LoginTest.java:29)
at java.base/java.util.concurrent.ThreadPoolExecutor.runWorker(ThreadPoolExecutor.java:1144)
at java.base/java.util.concurrent.ThreadPoolExecutor$Worker.run(ThreadPoolExecutor.java:642)
at java.base/java.lang.Thread.run(Thread.java:1583)
... Removed 7 stack frames]]>
    </failure>
  </testcase> <!-- invalidPasswordTest -->
  <testcase classname="tests.LoginTest" name="lockedUserTest" time="0.004">
    <skipped/>
  </testcase> <!-- lockedUserTest -->
  <testcase classname="tests.LoginTest" name="lockedUserTest" time="0.003">
    <failure type="java.lang.NullPointerException" message="Cannot invoke &amp;quot;org.openqa.selenium.WebDriver.findElement(org.openqa.selenium.By)&amp;quot; because &amp;quot;driver&amp;quot; is null">
      <![CDATA[java.lang.NullPointerException: Cannot invoke "org.openqa.selenium.WebDriver.findElement(org.openqa.selenium.By)" because "driver" is null
at org.openqa.selenium.support.ui.ExpectedConditions$7.apply(ExpectedConditions.java:198)
at org.openqa.selenium.support.ui.ExpectedConditions$7.apply(ExpectedConditions.java:194)
at org.openqa.selenium.support.ui.FluentWait.until(FluentWait.java:203)
at utils.WaitUtils.waitForVisibility(WaitUtils.java:20)
at pages.BasePage.type(BasePage.java:25)
at pages.LoginPage.login(LoginPage.java:19)
at tests.LoginTest.lockedUserTest(LoginTest.java:44)
at java.base/java.util.ArrayList.forEach(ArrayList.java:1596)
... Removed 25 stack frames]]>
    </failure>
  </testcase> <!-- lockedUserTest -->
  <testcase classname="tests.LogoutTest" name="logoutTest" time="0.002">
    <skipped/>
  </testcase> <!-- logoutTest -->
  <testcase classname="tests.LogoutTest" name="logoutTest" time="0.003">
    <failure type="java.lang.NullPointerException" message="Cannot invoke &amp;quot;org.openqa.selenium.WebDriver.findElement(org.openqa.selenium.By)&amp;quot; because &amp;quot;driver&amp;quot; is null">
      <![CDATA[java.lang.NullPointerException: Cannot invoke "org.openqa.selenium.WebDriver.findElement(org.openqa.selenium.By)" because "driver" is null
at org.openqa.selenium.support.ui.ExpectedConditions$7.apply(ExpectedConditions.java:198)
at org.openqa.selenium.support.ui.ExpectedConditions$7.apply(ExpectedConditions.java:194)
at org.openqa.selenium.support.ui.FluentWait.until(FluentWait.java:203)
at utils.WaitUtils.waitForVisibility(WaitUtils.java:20)
at pages.BasePage.type(BasePage.java:25)
at pages.LoginPage.login(LoginPage.java:19)
at tests.LogoutTest.logoutTest(LogoutTest.java:16)
at java.base/java.util.concurrent.ThreadPoolExecutor.runWorker(ThreadPoolExecutor.java:1144)
at java.base/java.util.concurrent.ThreadPoolExecutor$Worker.run(ThreadPoolExecutor.java:642)
at java.base/java.lang.Thread.run(Thread.java:1583)
... Removed 7 stack frames]]>
    </failure>
  </testcase> <!-- logoutTest -->
  <testcase classname="tests.cartTest" name="removeProductFromCartTest" time="0.0">
    <ignored/>
  </testcase> <!-- removeProductFromCartTest -->
  <testcase classname="tests.cartTest" name="addSingleProductTest" time="0.0">
    <ignored/>
  </testcase> <!-- addSingleProductTest -->
  <testcase classname="tests.CompletePlacingOrderTest" name="placeOrderTest" time="0.0">
    <ignored/>
  </testcase> <!-- placeOrderTest -->
  <testcase classname="tests.LoginTest" name="loginTest" time="0.0">
    <ignored/>
  </testcase> <!-- loginTest -->
  <testcase classname="tests.cartTest" name="addMultipleProductsTest" time="0.0">
    <ignored/>
  </testcase> <!-- addMultipleProductsTest -->
</testsuite> <!-- Regression Tests -->
