<?xml version="1.0" encoding="UTF-8"?>
<!-- Generated by org.testng.reporters.JUnitXMLReporter -->
<testsuite ignored="0" hostname="LAPTOP-NOMIDK4I" failures="0" tests="4" name="Sorting Tests" time="7.522" errors="0" timestamp="2026-02-23T20:33:35 IST">
  <testcase classname="tests.SortValidationTest" name="validateNameAToZ" time="1.602"/>
  <testcase classname="tests.SortValidationTest" name="validatePriceHighToLow" time="1.687"/>
  <testcase classname="tests.SortValidationTest" name="validateNameZToA" time="2.789"/>
  <testcase classname="tests.SortValidationTest" name="validatePriceLowToHigh" time="1.471"/>
</testsuite> <!-- Sorting Tests -->
