<?xml version="1.0" encoding="UTF-8"?>
<testng-results ignored="0" total="11" passed="11" failed="0" skipped="0">
  <reporter-output>
  </reporter-output>
  <suite started-at="2026-02-21T18:02:33 IST" name="Parallel Suite" finished-at="2026-02-21T18:03:04 IST" duration-ms="30598">
    <groups>
      <group name="regression">
        <method signature="CheckoutValidationTest.checkoutValidationTest(java.lang.String,java.lang.String,java.lang.String,java.lang.String,java.lang.String,java.lang.String)[pri:0, instance:tests.CheckoutValidationTest@dc9876b]" name="checkoutValidationTest" class="tests.CheckoutValidationTest"/>
      </group> <!-- regression -->
    </groups>
    <test started-at="2026-02-21T18:02:33 IST" name="All Tests Parallel" finished-at="2026-02-21T18:03:04 IST" duration-ms="30598">
      <class name="tests.LoginTest">
        <test-method is-config="true" signature="setup()[pri:0, instance:tests.LoginTest@4b86805d]" started-at="2026-02-21T18:02:33 IST" name="setup" finished-at="2026-02-21T18:02:47 IST" duration-ms="14068" status="PASS">
          <reporter-output>
          </reporter-output>
        </test-method> <!-- setup -->
        <test-method signature="invalidPasswordTest(java.lang.String,java.lang.String)[pri:0, instance:tests.LoginTest@4b86805d]" started-at="2026-02-21T18:02:47 IST" name="invalidPasswordTest" data-provider="invalidloginData" finished-at="2026-02-21T18:02:49 IST" duration-ms="1310" status="PASS">
          <params>
            <param index="0">
              <value>
                <![CDATA[standard_useer]]>
              </value>
            </param>
            <param index="1">
              <value>
                <![CDATA[wrong_password]]>
              </value>
            </param>
          </params>
          <reporter-output>
          </reporter-output>
        </test-method> <!-- invalidPasswordTest -->
        <test-method is-config="true" signature="tearDown()[pri:0, instance:tests.LoginTest@4b86805d]" started-at="2026-02-21T18:02:49 IST" name="tearDown" finished-at="2026-02-21T18:02:49 IST" duration-ms="700" status="PASS">
          <reporter-output>
          </reporter-output>
        </test-method> <!-- tearDown -->
        <test-method is-config="true" signature="setup()[pri:0, instance:tests.LoginTest@4b86805d]" started-at="2026-02-21T18:02:49 IST" name="setup" finished-at="2026-02-21T18:02:54 IST" duration-ms="4893" status="PASS">
          <reporter-output>
          </reporter-output>
        </test-method> <!-- setup -->
        <test-method signature="lockedUserTest()[pri:0, instance:tests.LoginTest@4b86805d]" started-at="2026-02-21T18:02:54 IST" name="lockedUserTest" finished-at="2026-02-21T18:02:55 IST" duration-ms="1097" status="PASS">
          <reporter-output>
          </reporter-output>
        </test-method> <!-- lockedUserTest -->
        <test-method is-config="true" signature="tearDown()[pri:0, instance:tests.LoginTest@4b86805d]" started-at="2026-02-21T18:02:55 IST" name="tearDown" finished-at="2026-02-21T18:02:56 IST" duration-ms="420" status="PASS">
          <reporter-output>
          </reporter-output>
        </test-method> <!-- tearDown -->
        <test-method is-config="true" signature="setup()[pri:0, instance:tests.LoginTest@4b86805d]" started-at="2026-02-21T18:02:56 IST" name="setup" finished-at="2026-02-21T18:03:00 IST" duration-ms="4335" status="PASS">
          <reporter-output>
          </reporter-output>
        </test-method> <!-- setup -->
        <test-method signature="loginTest(java.lang.String,java.lang.String)[pri:0, instance:tests.LoginTest@4b86805d]" started-at="2026-02-21T18:03:00 IST" name="loginTest" data-provider="loginData" finished-at="2026-02-21T18:03:01 IST" duration-ms="1094" status="PASS">
          <params>
            <param index="0">
              <value>
                <![CDATA[standard_user]]>
              </value>
            </param>
            <param index="1">
              <value>
                <![CDATA[secret_sauce]]>
              </value>
            </param>
          </params>
          <reporter-output>
          </reporter-output>
        </test-method> <!-- loginTest -->
        <test-method is-config="true" signature="tearDown()[pri:0, instance:tests.LoginTest@4b86805d]" started-at="2026-02-21T18:03:01 IST" name="tearDown" finished-at="2026-02-21T18:03:02 IST" duration-ms="390" status="PASS">
          <reporter-output>
          </reporter-output>
        </test-method> <!-- tearDown -->
      </class> <!-- tests.LoginTest -->
      <class name="tests.cartTest">
        <test-method is-config="true" signature="setup()[pri:0, instance:tests.cartTest@471a9022]" started-at="2026-02-21T18:02:33 IST" name="setup" finished-at="2026-02-21T18:02:47 IST" duration-ms="14068" status="PASS">
          <reporter-output>
          </reporter-output>
        </test-method> <!-- setup -->
        <test-method signature="addMultipleProductsTest(java.lang.String,java.lang.String)[pri:0, instance:tests.cartTest@471a9022]" started-at="2026-02-21T18:02:47 IST" name="addMultipleProductsTest" data-provider="loginData" finished-at="2026-02-21T18:02:49 IST" duration-ms="2037" status="PASS">
          <params>
            <param index="0">
              <value>
                <![CDATA[standard_user]]>
              </value>
            </param>
            <param index="1">
              <value>
                <![CDATA[secret_sauce]]>
              </value>
            </param>
          </params>
          <reporter-output>
          </reporter-output>
        </test-method> <!-- addMultipleProductsTest -->
        <test-method is-config="true" signature="tearDown()[pri:0, instance:tests.cartTest@471a9022]" started-at="2026-02-21T18:02:49 IST" name="tearDown" finished-at="2026-02-21T18:02:50 IST" duration-ms="374" status="PASS">
          <reporter-output>
          </reporter-output>
        </test-method> <!-- tearDown -->
        <test-method is-config="true" signature="setup()[pri:0, instance:tests.cartTest@471a9022]" started-at="2026-02-21T18:02:50 IST" name="setup" finished-at="2026-02-21T18:02:55 IST" duration-ms="4982" status="PASS">
          <reporter-output>
          </reporter-output>
        </test-method> <!-- setup -->
        <test-method signature="addSingleProductTest(java.lang.String,java.lang.String)[pri:0, instance:tests.cartTest@471a9022]" started-at="2026-02-21T18:02:55 IST" name="addSingleProductTest" data-provider="loginData" finished-at="2026-02-21T18:02:56 IST" duration-ms="1218" status="PASS">
          <params>
            <param index="0">
              <value>
                <![CDATA[standard_user]]>
              </value>
            </param>
            <param index="1">
              <value>
                <![CDATA[secret_sauce]]>
              </value>
            </param>
          </params>
          <reporter-output>
          </reporter-output>
        </test-method> <!-- addSingleProductTest -->
        <test-method is-config="true" signature="tearDown()[pri:0, instance:tests.cartTest@471a9022]" started-at="2026-02-21T18:02:56 IST" name="tearDown" finished-at="2026-02-21T18:02:56 IST" duration-ms="293" status="PASS">
          <reporter-output>
          </reporter-output>
        </test-method> <!-- tearDown -->
        <test-method is-config="true" signature="setup()[pri:0, instance:tests.cartTest@471a9022]" started-at="2026-02-21T18:02:56 IST" name="setup" finished-at="2026-02-21T18:03:00 IST" duration-ms="3821" status="PASS">
          <reporter-output>
          </reporter-output>
        </test-method> <!-- setup -->
        <test-method signature="removeProductFromCartTest(java.lang.String,java.lang.String)[pri:0, instance:tests.cartTest@471a9022]" started-at="2026-02-21T18:03:00 IST" name="removeProductFromCartTest" data-provider="loginData" finished-at="2026-02-21T18:03:02 IST" duration-ms="1726" status="PASS">
          <params>
            <param index="0">
              <value>
                <![CDATA[standard_user]]>
              </value>
            </param>
            <param index="1">
              <value>
                <![CDATA[secret_sauce]]>
              </value>
            </param>
          </params>
          <reporter-output>
          </reporter-output>
        </test-method> <!-- removeProductFromCartTest -->
        <test-method is-config="true" signature="tearDown()[pri:0, instance:tests.cartTest@471a9022]" started-at="2026-02-21T18:03:02 IST" name="tearDown" finished-at="2026-02-21T18:03:02 IST" duration-ms="301" status="PASS">
          <reporter-output>
          </reporter-output>
        </test-method> <!-- tearDown -->
      </class> <!-- tests.cartTest -->
      <class name="tests.CheckoutValidationTest">
        <test-method is-config="true" signature="setup()[pri:0, instance:tests.CheckoutValidationTest@dc9876b]" started-at="2026-02-21T18:02:33 IST" name="setup" finished-at="2026-02-21T18:02:47 IST" duration-ms="14059" status="PASS">
          <reporter-output>
          </reporter-output>
        </test-method> <!-- setup -->
        <test-method signature="checkoutValidationTest(java.lang.String,java.lang.String,java.lang.String,java.lang.String,java.lang.String,java.lang.String)[pri:0, instance:tests.CheckoutValidationTest@dc9876b]" started-at="2026-02-21T18:02:47 IST" name="checkoutValidationTest" data-provider="checkoutValidationWithLoginData" finished-at="2026-02-21T18:02:50 IST" duration-ms="3091" status="PASS">
          <params>
            <param index="0">
              <value>
                <![CDATA[standard_user]]>
              </value>
            </param>
            <param index="1">
              <value>
                <![CDATA[secret_sauce]]>
              </value>
            </param>
            <param index="2">
              <value>
                <![CDATA[Rohan]]>
              </value>
            </param>
            <param index="3">
              <value>
                <![CDATA[]]>
              </value>
            </param>
            <param index="4">
              <value>
                <![CDATA[400612]]>
              </value>
            </param>
            <param index="5">
              <value>
                <![CDATA[Last Name]]>
              </value>
            </param>
          </params>
          <reporter-output>
          </reporter-output>
        </test-method> <!-- checkoutValidationTest -->
        <test-method is-config="true" signature="tearDown()[pri:0, instance:tests.CheckoutValidationTest@dc9876b]" started-at="2026-02-21T18:02:50 IST" name="tearDown" finished-at="2026-02-21T18:02:52 IST" duration-ms="1756" status="PASS">
          <reporter-output>
          </reporter-output>
        </test-method> <!-- tearDown -->
        <test-method is-config="true" signature="setup()[pri:0, instance:tests.CheckoutValidationTest@dc9876b]" started-at="2026-02-21T18:02:52 IST" name="setup" finished-at="2026-02-21T18:02:56 IST" duration-ms="4067" status="PASS">
          <reporter-output>
          </reporter-output>
        </test-method> <!-- setup -->
        <test-method signature="checkoutValidationTest(java.lang.String,java.lang.String,java.lang.String,java.lang.String,java.lang.String,java.lang.String)[pri:0, instance:tests.CheckoutValidationTest@dc9876b]" started-at="2026-02-21T18:02:56 IST" name="checkoutValidationTest" data-provider="checkoutValidationWithLoginData" finished-at="2026-02-21T18:02:59 IST" duration-ms="2940" status="PASS">
          <params>
            <param index="0">
              <value>
                <![CDATA[standard_user]]>
              </value>
            </param>
            <param index="1">
              <value>
                <![CDATA[secret_sauce]]>
              </value>
            </param>
            <param index="2">
              <value>
                <![CDATA[Rohan]]>
              </value>
            </param>
            <param index="3">
              <value>
                <![CDATA[Rawool]]>
              </value>
            </param>
            <param index="4">
              <value>
                <![CDATA[]]>
              </value>
            </param>
            <param index="5">
              <value>
                <![CDATA[Postal Code]]>
              </value>
            </param>
          </params>
          <reporter-output>
          </reporter-output>
        </test-method> <!-- checkoutValidationTest -->
        <test-method is-config="true" signature="tearDown()[pri:0, instance:tests.CheckoutValidationTest@dc9876b]" started-at="2026-02-21T18:02:59 IST" name="tearDown" finished-at="2026-02-21T18:02:59 IST" duration-ms="294" status="PASS">
          <reporter-output>
          </reporter-output>
        </test-method> <!-- tearDown -->
        <test-method is-config="true" signature="setup()[pri:0, instance:tests.CheckoutValidationTest@dc9876b]" started-at="2026-02-21T18:02:59 IST" name="setup" finished-at="2026-02-21T18:03:02 IST" duration-ms="2519" status="PASS">
          <reporter-output>
          </reporter-output>
        </test-method> <!-- setup -->
        <test-method signature="checkoutValidationTest(java.lang.String,java.lang.String,java.lang.String,java.lang.String,java.lang.String,java.lang.String)[pri:0, instance:tests.CheckoutValidationTest@dc9876b]" started-at="2026-02-21T18:03:02 IST" name="checkoutValidationTest" data-provider="checkoutValidationWithLoginData" finished-at="2026-02-21T18:03:04 IST" duration-ms="1492" status="PASS">
          <params>
            <param index="0">
              <value>
                <![CDATA[standard_user]]>
              </value>
            </param>
            <param index="1">
              <value>
                <![CDATA[secret_sauce]]>
              </value>
            </param>
            <param index="2">
              <value>
                <![CDATA[]]>
              </value>
            </param>
            <param index="3">
              <value>
                <![CDATA[Rawool]]>
              </value>
            </param>
            <param index="4">
              <value>
                <![CDATA[400612]]>
              </value>
            </param>
            <param index="5">
              <value>
                <![CDATA[First Name]]>
              </value>
            </param>
          </params>
          <reporter-output>
          </reporter-output>
        </test-method> <!-- checkoutValidationTest -->
        <test-method is-config="true" signature="tearDown()[pri:0, instance:tests.CheckoutValidationTest@dc9876b]" started-at="2026-02-21T18:03:04 IST" name="tearDown" finished-at="2026-02-21T18:03:04 IST" duration-ms="248" status="PASS">
          <reporter-output>
          </reporter-output>
        </test-method> <!-- tearDown -->
      </class> <!-- tests.CheckoutValidationTest -->
      <class name="tests.CompletePlacingOrderTest">
        <test-method is-config="true" signature="setup()[pri:0, instance:tests.CompletePlacingOrderTest@2f666ebb]" started-at="2026-02-21T18:02:33 IST" name="setup" finished-at="2026-02-21T18:02:47 IST" duration-ms="14093" status="PASS">
          <reporter-output>
          </reporter-output>
        </test-method> <!-- setup -->
        <test-method signature="placeOrderTest(java.lang.String,java.lang.String)[pri:0, instance:tests.CompletePlacingOrderTest@2f666ebb]" started-at="2026-02-21T18:02:47 IST" name="placeOrderTest" data-provider="loginData" finished-at="2026-02-21T18:02:51 IST" duration-ms="3904" status="PASS">
          <params>
            <param index="0">
              <value>
                <![CDATA[standard_user]]>
              </value>
            </param>
            <param index="1">
              <value>
                <![CDATA[secret_sauce]]>
              </value>
            </param>
          </params>
          <reporter-output>
          </reporter-output>
        </test-method> <!-- placeOrderTest -->
        <test-method is-config="true" signature="tearDown()[pri:0, instance:tests.CompletePlacingOrderTest@2f666ebb]" started-at="2026-02-21T18:02:51 IST" name="tearDown" finished-at="2026-02-21T18:02:52 IST" duration-ms="910" status="PASS">
          <reporter-output>
          </reporter-output>
        </test-method> <!-- tearDown -->
      </class> <!-- tests.CompletePlacingOrderTest -->
      <class name="tests.LogoutTest">
        <test-method is-config="true" signature="setup()[pri:0, instance:tests.LogoutTest@19976a65]" started-at="2026-02-21T18:02:33 IST" name="setup" finished-at="2026-02-21T18:02:46 IST" duration-ms="13045" status="PASS">
          <reporter-output>
          </reporter-output>
        </test-method> <!-- setup -->
        <test-method signature="logoutTest(java.lang.String,java.lang.String)[pri:0, instance:tests.LogoutTest@19976a65]" started-at="2026-02-21T18:02:46 IST" name="logoutTest" data-provider="loginData" finished-at="2026-02-21T18:02:48 IST" duration-ms="1894" status="PASS">
          <params>
            <param index="0">
              <value>
                <![CDATA[standard_user]]>
              </value>
            </param>
            <param index="1">
              <value>
                <![CDATA[secret_sauce]]>
              </value>
            </param>
          </params>
          <reporter-output>
          </reporter-output>
        </test-method> <!-- logoutTest -->
        <test-method is-config="true" signature="tearDown()[pri:0, instance:tests.LogoutTest@19976a65]" started-at="2026-02-21T18:02:48 IST" name="tearDown" finished-at="2026-02-21T18:02:49 IST" duration-ms="820" status="PASS">
          <reporter-output>
          </reporter-output>
        </test-method> <!-- tearDown -->
      </class> <!-- tests.LogoutTest -->
    </test> <!-- All Tests Parallel -->
  </suite> <!-- Parallel Suite -->
</testng-results>
