<?xml version="1.0" encoding="UTF-8"?>
<testng-results ignored="0" total="1" passed="1" failed="0" skipped="0">
  <reporter-output>
  </reporter-output>
  <suite started-at="2026-02-22T20:05:58 IST" name="Default suite" finished-at="2026-02-22T20:06:08 IST" duration-ms="10280">
    <groups>
      <group name="regression">
        <method signature="LogoutTest.logoutTest(java.lang.String,java.lang.String)[pri:0, instance:tests.LogoutTest@9d5509a]" name="logoutTest" class="tests.LogoutTest"/>
      </group> <!-- regression -->
      <group name="smoke">
        <method signature="LogoutTest.logoutTest(java.lang.String,java.lang.String)[pri:0, instance:tests.LogoutTest@9d5509a]" name="logoutTest" class="tests.LogoutTest"/>
      </group> <!-- smoke -->
    </groups>
    <test started-at="2026-02-22T20:05:58 IST" name="Default test" finished-at="2026-02-22T20:06:08 IST" duration-ms="10280">
      <class name="tests.LogoutTest">
        <test-method is-config="true" signature="setup()[pri:0, instance:tests.LogoutTest@9d5509a]" started-at="2026-02-22T20:05:58 IST" name="setup" finished-at="2026-02-22T20:06:07 IST" duration-ms="8329" status="PASS">
          <reporter-output>
          </reporter-output>
        </test-method> <!-- setup -->
        <test-method signature="logoutTest(java.lang.String,java.lang.String)[pri:0, instance:tests.LogoutTest@9d5509a]" started-at="2026-02-22T20:06:07 IST" name="logoutTest" data-provider="loginData" finished-at="2026-02-22T20:06:08 IST" duration-ms="1453" status="PASS">
          <params>
            <param index="0">
              <value>
                <![CDATA[standard_user]]>
              </value>
            </param>
            <param index="1">
              <value>
                <![CDATA[secret_sauce]]>
              </value>
            </param>
          </params>
          <reporter-output>
          </reporter-output>
        </test-method> <!-- logoutTest -->
        <test-method is-config="true" signature="tearDown()[pri:0, instance:tests.LogoutTest@9d5509a]" started-at="2026-02-22T20:06:08 IST" name="tearDown" finished-at="2026-02-22T20:06:08 IST" duration-ms="378" status="PASS">
          <reporter-output>
          </reporter-output>
        </test-method> <!-- tearDown -->
      </class> <!-- tests.LogoutTest -->
    </test> <!-- Default test -->
  </suite> <!-- Default suite -->
</testng-results>
