<?xml version="1.0" encoding="UTF-8"?>
<!-- Generated by org.testng.reporters.JUnitReportReporter -->
<testsuite hostname="LAPTOP-NOMIDK4I" failures="0" tests="3" name="tests.LoginTest" time="28.307" errors="0" timestamp="2026-02-21T18:03:04 IST" skipped="0">
  <testcase classname="tests.LoginTest" name="lockedUserTest" time="15.585"/>
  <testcase classname="tests.LoginTest" name="invalidPasswordTest" time="6.035"/>
  <testcase classname="tests.LoginTest" name="loginTest" time="6.687"/>
</testsuite> <!-- tests.LoginTest -->
