<?xml version="1.0" encoding="UTF-8"?>
<!-- Generated by org.testng.reporters.JUnitReportReporter -->
<testsuite hostname="LAPTOP-NOMIDK4I" failures="0" tests="3" name="tests.CheckoutValidationTest" time="21.957" errors="0" timestamp="2026-02-23T20:33:16 IST" skipped="0">
  <testcase classname="tests.CheckoutValidationTest" name="checkoutValidationTest" time="8.042"/>
  <testcase classname="tests.CheckoutValidationTest" name="checkoutValidationTest" time="9.485"/>
  <testcase classname="tests.CheckoutValidationTest" name="checkoutValidationTest" time="4.430"/>
</testsuite> <!-- tests.CheckoutValidationTest -->
