<?xml version="1.0" encoding="UTF-8"?>
<!-- Generated by org.testng.reporters.JUnitReportReporter -->
<testsuite hostname="LAPTOP-NOMIDK4I" failures="0" tests="3" name="tests.LoginTest" time="18.409" errors="0" timestamp="2026-02-23T20:33:16 IST" skipped="0">
  <testcase classname="tests.LoginTest" name="loginTest" time="8.464"/>
  <testcase classname="tests.LoginTest" name="lockedUserTest" time="4.914"/>
  <testcase classname="tests.LoginTest" name="invalidPasswordTest" time="5.031"/>
</testsuite> <!-- tests.LoginTest -->
