<?xml version="1.0" encoding="UTF-8"?>
<!-- Generated by org.testng.reporters.JUnitReportReporter -->
<testsuite hostname="LAPTOP-NOMIDK4I" failures="0" tests="3" name="tests.cartTest" time="19.512" errors="0" timestamp="2026-02-23T20:33:16 IST" skipped="0">
  <testcase classname="tests.cartTest" name="removeProductFromCartTest" time="8.090"/>
  <testcase classname="tests.cartTest" name="addSingleProductTest" time="4.376"/>
  <testcase classname="tests.cartTest" name="addMultipleProductsTest" time="7.046"/>
</testsuite> <!-- tests.cartTest -->
