<?xml version="1.0" encoding="UTF-8"?>
<!-- Generated by org.testng.reporters.JUnitReportReporter -->
<testsuite hostname="LAPTOP-NOMIDK4I" failures="0" tests="4" name="tests.SortValidationTest" time="28.951" errors="0" timestamp="2026-02-23T20:33:35 IST" skipped="0">
  <testcase classname="tests.SortValidationTest" name="validateNameAToZ" time="6.005"/>
  <testcase classname="tests.SortValidationTest" name="validatePriceHighToLow" time="7.215"/>
  <testcase classname="tests.SortValidationTest" name="validateNameZToA" time="8.752"/>
  <testcase classname="tests.SortValidationTest" name="validatePriceLowToHigh" time="6.979"/>
</testsuite> <!-- tests.SortValidationTest -->
