<?xml version="1.0" encoding="UTF-8"?>
<!-- Generated by org.testng.reporters.JUnitReportReporter -->
<testsuite hostname="LAPTOP-NOMIDK4I" failures="0" tests="3" name="tests.cartTest" time="28.820" errors="0" timestamp="2026-02-21T18:03:04 IST" skipped="0">
  <testcase classname="tests.cartTest" name="addMultipleProductsTest" time="7.393"/>
  <testcase classname="tests.cartTest" name="addSingleProductTest" time="5.332"/>
  <testcase classname="tests.cartTest" name="removeProductFromCartTest" time="16.095"/>
</testsuite> <!-- tests.cartTest -->
