<?xml version="1.0" encoding="UTF-8"?>
<!-- Generated by org.testng.reporters.JUnitReportReporter -->
<testsuite hostname="LAPTOP-NOMIDK4I" failures="0" tests="3" name="tests.CheckoutValidationTest" time="30.466" errors="0" timestamp="2026-02-21T18:03:04 IST" skipped="0">
  <testcase classname="tests.CheckoutValidationTest" name="checkoutValidationTest" time="5.707"/>
  <testcase classname="tests.CheckoutValidationTest" name="checkoutValidationTest" time="17.307"/>
  <testcase classname="tests.CheckoutValidationTest" name="checkoutValidationTest" time="7.452"/>
</testsuite> <!-- tests.CheckoutValidationTest -->
